C:\Users\Maria\Desktop\LTP Last Sources 2023\Servers\ConnectServer\ConnectServer\Release\ConnectServer_EX603\cl.command.1.tlog
C:\Users\Maria\Desktop\LTP Last Sources 2023\Servers\ConnectServer\ConnectServer\Release\ConnectServer_EX603\CL.read.1.tlog
C:\Users\Maria\Desktop\LTP Last Sources 2023\Servers\ConnectServer\ConnectServer\Release\ConnectServer_EX603\CL.write.1.tlog
C:\USERS\MARIA\DESKTOP\LTP LAST SOURCES 2023\SERVERS\CONNECTSERVER\CONNECTSERVER\RELEASE\CONNECTSERVER_EX603\CLIENTMANAGER.OBJ
C:\USERS\MARIA\DESKTOP\LTP LAST SOURCES 2023\SERVERS\CONNECTSERVER\CONNECTSERVER\RELEASE\CONNECTSERVER_EX603\CONNECTSERVER.EXE.INTERMEDIATE.MANIFEST
C:\USERS\MARIA\DESKTOP\LTP LAST SOURCES 2023\SERVERS\CONNECTSERVER\CONNECTSERVER\RELEASE\CONNECTSERVER_EX603\CONNECTSERVER.OBJ
C:\USERS\MARIA\DESKTOP\LTP LAST SOURCES 2023\SERVERS\CONNECTSERVER\CONNECTSERVER\RELEASE\CONNECTSERVER_EX603\CONNECTSERVER.PCH
C:\USERS\MARIA\DESKTOP\LTP LAST SOURCES 2023\SERVERS\CONNECTSERVER\CONNECTSERVER\RELEASE\CONNECTSERVER_EX603\CONNECTSERVER.RES
C:\USERS\MARIA\DESKTOP\LTP LAST SOURCES 2023\SERVERS\CONNECTSERVER\CONNECTSERVER\RELEASE\CONNECTSERVER_EX603\CONNECTSERVERPROTOCOL.OBJ
C:\USERS\MARIA\DESKTOP\LTP LAST SOURCES 2023\SERVERS\CONNECTSERVER\CONNECTSERVER\RELEASE\CONNECTSERVER_EX603\CRITICALSECTION.OBJ
C:\USERS\MARIA\DESKTOP\LTP LAST SOURCES 2023\SERVERS\CONNECTSERVER\CONNECTSERVER\RELEASE\CONNECTSERVER_EX603\IPMANAGER.OBJ
C:\Users\Maria\Desktop\LTP Last Sources 2023\Servers\ConnectServer\ConnectServer\Release\ConnectServer_EX603\link.command.1.tlog
C:\Users\Maria\Desktop\LTP Last Sources 2023\Servers\ConnectServer\ConnectServer\Release\ConnectServer_EX603\link.read.1.tlog
C:\Users\Maria\Desktop\LTP Last Sources 2023\Servers\ConnectServer\ConnectServer\Release\ConnectServer_EX603\link.write.1.tlog
C:\Users\Maria\Desktop\LTP Last Sources 2023\Servers\ConnectServer\ConnectServer\Release\ConnectServer_EX603\link-cvtres.read.1.tlog
C:\Users\Maria\Desktop\LTP Last Sources 2023\Servers\ConnectServer\ConnectServer\Release\ConnectServer_EX603\link-cvtres.write.1.tlog
C:\USERS\MARIA\DESKTOP\LTP LAST SOURCES 2023\SERVERS\CONNECTSERVER\CONNECTSERVER\RELEASE\CONNECTSERVER_EX603\LOG.OBJ
C:\USERS\MARIA\DESKTOP\LTP LAST SOURCES 2023\SERVERS\CONNECTSERVER\CONNECTSERVER\RELEASE\CONNECTSERVER_EX603\MEMSCRIPT.OBJ
C:\USERS\MARIA\DESKTOP\LTP LAST SOURCES 2023\SERVERS\CONNECTSERVER\CONNECTSERVER\RELEASE\CONNECTSERVER_EX603\MINIDUMP.OBJ
C:\Users\Maria\Desktop\LTP Last Sources 2023\Servers\ConnectServer\ConnectServer\Release\ConnectServer_EX603\mt.command.1.tlog
C:\Users\Maria\Desktop\LTP Last Sources 2023\Servers\ConnectServer\ConnectServer\Release\ConnectServer_EX603\mt.read.1.tlog
C:\Users\Maria\Desktop\LTP Last Sources 2023\Servers\ConnectServer\ConnectServer\Release\ConnectServer_EX603\mt.write.1.tlog
C:\USERS\MARIA\DESKTOP\LTP LAST SOURCES 2023\SERVERS\CONNECTSERVER\CONNECTSERVER\RELEASE\CONNECTSERVER_EX603\PROTECT.OBJ
C:\USERS\MARIA\DESKTOP\LTP LAST SOURCES 2023\SERVERS\CONNECTSERVER\CONNECTSERVER\RELEASE\CONNECTSERVER_EX603\QUEUE.OBJ
C:\Users\Maria\Desktop\LTP Last Sources 2023\Servers\ConnectServer\ConnectServer\Release\ConnectServer_EX603\rc.command.1.tlog
C:\Users\Maria\Desktop\LTP Last Sources 2023\Servers\ConnectServer\ConnectServer\Release\ConnectServer_EX603\rc.read.1.tlog
C:\Users\Maria\Desktop\LTP Last Sources 2023\Servers\ConnectServer\ConnectServer\Release\ConnectServer_EX603\rc.write.1.tlog
C:\USERS\MARIA\DESKTOP\LTP LAST SOURCES 2023\SERVERS\CONNECTSERVER\CONNECTSERVER\RELEASE\CONNECTSERVER_EX603\SERVERDISPLAYER.OBJ
C:\USERS\MARIA\DESKTOP\LTP LAST SOURCES 2023\SERVERS\CONNECTSERVER\CONNECTSERVER\RELEASE\CONNECTSERVER_EX603\SERVERLIST.OBJ
C:\USERS\MARIA\DESKTOP\LTP LAST SOURCES 2023\SERVERS\CONNECTSERVER\CONNECTSERVER\RELEASE\CONNECTSERVER_EX603\SOCKETMANAGER.OBJ
C:\USERS\MARIA\DESKTOP\LTP LAST SOURCES 2023\SERVERS\CONNECTSERVER\CONNECTSERVER\RELEASE\CONNECTSERVER_EX603\SOCKETMANAGERUDP.OBJ
C:\USERS\MARIA\DESKTOP\LTP LAST SOURCES 2023\SERVERS\CONNECTSERVER\CONNECTSERVER\RELEASE\CONNECTSERVER_EX603\STDAFX.OBJ
C:\USERS\MARIA\DESKTOP\LTP LAST SOURCES 2023\SERVERS\CONNECTSERVER\CONNECTSERVER\RELEASE\CONNECTSERVER_EX603\UTIL.OBJ
C:\USERS\MARIA\DESKTOP\LTP LAST SOURCES 2023\SERVERS\CONNECTSERVER\CONNECTSERVER\RELEASE\CONNECTSERVER_EX603\VC100.PDB
C:\USERS\MARIA\DESKTOP\LTP LAST SOURCES 2023\SERVERS\RELEASE\CONNECTSERVER_EX603\CONNECTSERVER.EXE
C:\USERS\MARIA\DESKTOP\LTP LAST SOURCES 2023\SERVERS\RELEASE\CONNECTSERVER_EX603\CONNECTSERVER.PDB
