c:\users\maria\desktop\ltp last sources 2023\servers\joinserver\joinserver\release\joinserver_ex603\joinserver.pch
c:\users\maria\desktop\ltp last sources 2023\servers\joinserver\joinserver\release\joinserver_ex603\vc142.pdb
c:\users\maria\desktop\ltp last sources 2023\servers\joinserver\joinserver\release\joinserver_ex603\stdafx.obj
c:\users\maria\desktop\ltp last sources 2023\servers\joinserver\joinserver\release\joinserver_ex603\util.obj
c:\users\maria\desktop\ltp last sources 2023\servers\joinserver\joinserver\release\joinserver_ex603\socketmanagerudp.obj
c:\users\maria\desktop\ltp last sources 2023\servers\joinserver\joinserver\release\joinserver_ex603\socketmanager.obj
c:\users\maria\desktop\ltp last sources 2023\servers\joinserver\joinserver\release\joinserver_ex603\servermanager.obj
c:\users\maria\desktop\ltp last sources 2023\servers\joinserver\joinserver\release\joinserver_ex603\serverdisplayer.obj
c:\users\maria\desktop\ltp last sources 2023\servers\joinserver\joinserver\release\joinserver_ex603\queue.obj
c:\users\maria\desktop\ltp last sources 2023\servers\joinserver\joinserver\release\joinserver_ex603\querymanager.obj
c:\users\maria\desktop\ltp last sources 2023\servers\joinserver\joinserver\release\joinserver_ex603\protect.obj
c:\users\maria\desktop\ltp last sources 2023\servers\joinserver\joinserver\release\joinserver_ex603\minidump.obj
c:\users\maria\desktop\ltp last sources 2023\servers\joinserver\joinserver\release\joinserver_ex603\memscript.obj
c:\users\maria\desktop\ltp last sources 2023\servers\joinserver\joinserver\release\joinserver_ex603\log.obj
c:\users\maria\desktop\ltp last sources 2023\servers\joinserver\joinserver\release\joinserver_ex603\joinserverprotocol.obj
c:\users\maria\desktop\ltp last sources 2023\servers\joinserver\joinserver\release\joinserver_ex603\joinserver.obj
c:\users\maria\desktop\ltp last sources 2023\servers\joinserver\joinserver\release\joinserver_ex603\criticalsection.obj
c:\users\maria\desktop\ltp last sources 2023\servers\joinserver\joinserver\release\joinserver_ex603\allowableiplist.obj
c:\users\maria\desktop\ltp last sources 2023\servers\joinserver\joinserver\release\joinserver_ex603\accountmanager.obj
c:\users\maria\desktop\ltp last sources 2023\servers\joinserver\joinserver\release\joinserver_ex603\md5.obj
c:\users\maria\desktop\ltp last sources 2023\servers\release\joinserver_ex603\joinserver.exe
c:\users\maria\desktop\ltp last sources 2023\servers\joinserver\joinserver\release\joinserver_ex603\joinserver.ipdb
c:\users\maria\desktop\ltp last sources 2023\servers\joinserver\joinserver\release\joinserver_ex603\joinserver.iobj
c:\users\maria\desktop\ltp last sources 2023\servers\release\joinserver_ex603\joinserver.pdb
c:\users\maria\desktop\ltp last sources 2023\servers\joinserver\joinserver\release\joinserver_ex603\joinserver.res
c:\users\maria\desktop\ltp last sources 2023\servers\joinserver\joinserver\release\joinserver_ex603\joinserver.tlog\cl.command.1.tlog
c:\users\maria\desktop\ltp last sources 2023\servers\joinserver\joinserver\release\joinserver_ex603\joinserver.tlog\cl.read.1.tlog
c:\users\maria\desktop\ltp last sources 2023\servers\joinserver\joinserver\release\joinserver_ex603\joinserver.tlog\cl.write.1.tlog
c:\users\maria\desktop\ltp last sources 2023\servers\joinserver\joinserver\release\joinserver_ex603\joinserver.tlog\link.command.1.tlog
c:\users\maria\desktop\ltp last sources 2023\servers\joinserver\joinserver\release\joinserver_ex603\joinserver.tlog\link.read.1.tlog
c:\users\maria\desktop\ltp last sources 2023\servers\joinserver\joinserver\release\joinserver_ex603\joinserver.tlog\link.write.1.tlog
c:\users\maria\desktop\ltp last sources 2023\servers\joinserver\joinserver\release\joinserver_ex603\joinserver.tlog\rc.command.1.tlog
c:\users\maria\desktop\ltp last sources 2023\servers\joinserver\joinserver\release\joinserver_ex603\joinserver.tlog\rc.read.1.tlog
c:\users\maria\desktop\ltp last sources 2023\servers\joinserver\joinserver\release\joinserver_ex603\joinserver.tlog\rc.write.1.tlog
