  stdafx.cpp
  MD5.cpp
  AccountManager.cpp
C:\Program Files\Microsoft Visual Studio\2022\Community\VC\Tools\MSVC\14.29.30133\include\algorithm(2650,24): warning C4244: '=': conversion from 'LONG' to 'char', possible loss of data
C:\Users\Maria\Desktop\LTP Last Sources 2023\Servers\JoinServer\JoinServer\AccountManager.cpp(83): message : see reference to function template instantiation '_OutIt std::transform<std::_String_iterator<std::_String_val<std::_Simple_types<_Elem>>>,std::_String_iterator<std::_String_val<std::_Simple_types<_Elem>>>,LONG(__cdecl *)(int)>(const _InIt,const _InIt,_OutIt,_Fn)' being compiled
          with
          [
              _OutIt=std::_String_iterator<std::_String_val<std::_Simple_types<char>>>,
              _Elem=char,
              _InIt=std::_String_iterator<std::_String_val<std::_Simple_types<char>>>,
              _Fn=LONG (__cdecl *)(int)
          ]
  AllowableIpList.cpp
  CriticalSection.cpp
  JoinServer.cpp
  JoinServerProtocol.cpp
  Log.cpp
  MemScript.cpp
  MiniDump.cpp
  Protect.cpp
  QueryManager.cpp
  Queue.cpp
  ServerDisplayer.cpp
  ServerManager.cpp
  SocketManager.cpp
  SocketManagerUdp.cpp
  Util.cpp
  Generating code
  Previous IPDB not found, fall back to full compilation.
  All 760 functions were compiled because no usable IPDB/IOBJ from previous compilation was found.
  Finished generating code
  JoinServer.vcxproj -> C:\Users\Maria\Desktop\LTP Last Sources 2023\Servers\Release\JoinServer_EX603\JoinServer.exe
